{
    "id": 103,
    "user_id": 1,
    "parent_id": null,
    "content": "M\u1ed9t c\u00e1i \u00f4m th\u1eadt ch\u1eb7t, th\u1eadt d\u1ecbu d\u00e0ng. Nh\u00ecn hai b\u1ea1n n\u00e0y m\u00e0 th\u1ea5y b\u00ecnh y\u00ean v\u00e0 \u1ea5m \u00e1p l\u1ea1 th\u01b0\u1eddng. C\u00f3 l\u1ebd \u0111\u00e2y ch\u00ednh l\u00e0 h\u1ea1nh ph\u00fac nh\u1ecf b\u00e9 m\u00e0 ai c\u0169ng mong mu\u1ed1n: \u0111\u01b0\u1ee3c che ch\u1edf v\u00e0 s\u1ebb chia m\u1ecdi th\u1ee9. \ud83d\udc96 Ai c\u0169ng c\u1ea7n m\u1ed9t v\u00f2ng tay nh\u01b0 v\u1eady \u0111\u00fang kh\u00f4ng?\r\n\r\n#C\u00e1i\u00d4m #\u1ea4m\u00c1p #T\u00ecnhY\u00eau #H\u1ea1nhPh\u00fac #B\u00ecnhY\u00ean",
    "privacy": "FRIENDS",
    "likes_count": 0,
    "comments_count": 0,
    "created_at": "2026-03-24T02:24:20.000000Z",
    "deleted_at": null,
    "is_liked": false,
    "feed_score": "14.0",
    "user": {
        "id": 1,
        "username": "dev",
        "profile": {
            "user_id": 1,
            "first_name": "John",
            "last_name": "Smith",
            "avatar_url": "https:\/\/res.cloudinary.com\/dbcuulbcp\/image\/upload\/v1769991966\/avatars\/z5oumdr8wjyiqewuvlem.webp"
        }
    },
    "attachments": [
        {
            "id": 17,
            "url": "https:\/\/res.cloudinary.com\/dbcuulbcp\/image\/upload\/v1774293863\/posts\/1\/f2xil2imxlitkb4e22ni.jpg",
            "file_type": "IMAGE",
            "entity_type": "POST",
            "entity_id": 103
        }
    ],
    "comments": [
        {
            "id": 45,
            "post_id": 103,
            "user_id": 1,
            "parent_id": 44,
            "content": "how",
            "created_at": "2026-03-23T19:33:34.000000Z",
            "updated_at": "2026-03-23T19:33:34.000000Z",
            "deleted_at": null,
            "user": {
                "id": 1,
                "username": "dev",
                "profile": {
                    "user_id": 1,
                    "first_name": "John",
                    "last_name": "Smith",
                    "avatar_url": "https:\/\/res.cloudinary.com\/dbcuulbcp\/image\/upload\/v1769991966\/avatars\/z5oumdr8wjyiqewuvlem.webp"
                }
            }
        },
        {
            "id": 44,
            "post_id": 103,
            "user_id": 1,
            "parent_id": null,
            "content": "\u0111\u00eac",
            "created_at": "2026-03-23T19:28:43.000000Z",
            "updated_at": "2026-03-23T19:28:43.000000Z",
            "deleted_at": null,
            "user": {
                "id": 1,
                "username": "dev",
                "profile": {
                    "user_id": 1,
                    "first_name": "John",
                    "last_name": "Smith",
                    "avatar_url": "https:\/\/res.cloudinary.com\/dbcuulbcp\/image\/upload\/v1769991966\/avatars\/z5oumdr8wjyiqewuvlem.webp"
                }
            }
        }
    ]
}